1 1 1
1 1 2
1 1 3
1 1 4
1 1 5
1 1 7
1 1 8
1 1 9
1 1 10
1 2 1
1 2 2
1 2 3
1 2 4
1 2 5
1 3 1
1 3 2
1 3 3
1 3 4
1 3 5
1 4 1
1 4 2
1 4 3
1 4 4
1 4 5
1 5 1
1 5 2
1 5 3
1 5 4
1 5 5
1 7 1
1 7 7
1 7 8
1 7 9
1 7 10
1 8 1
1 8 7
1 8 8
1 8 9
1 8 10
1 9 1
1 9 7
1 9 8
1 9 9
1 9 10
1 10 1
1 10 7
1 10 8
1 10 9
1 10 10
2 1 1
2 1 2
2 1 3
2 1 4
2 1 5
2 2 1
2 2 2
2 2 3
2 2 4
2 2 5
2 3 1
2 3 2
2 3 3
2 3 4
2 3 5
2 4 1
2 4 2
2 4 3
2 4 4
2 4 5
2 5 1
2 5 2
2 5 3
2 5 4
2 5 5
3 1 1
3 1 2
3 1 3
3 1 4
3 1 5
3 2 1
3 2 2
3 2 3
3 2 4
3 2 5
3 3 1
3 3 2
3 3 3
3 3 4
3 3 5
3 4 1
3 4 2
3 4 3
3 4 4
3 4 5
3 5 1
3 5 2
3 5 3
3 5 4
3 5 5
4 1 1
4 1 2
4 1 3
4 1 4
4 1 5
4 2 1
4 2 2
4 2 3
4 2 4
4 2 5
4 3 1
4 3 2
4 3 3
4 3 4
4 3 5
4 4 1
4 4 2
4 4 3
4 4 4
4 4 5
4 5 1
4 5 2
4 5 3
4 5 4
4 5 5
5 1 1
5 1 2
5 1 3
5 1 4
5 1 5
5 2 1
5 2 2
5 2 3
5 2 4
5 2 5
5 3 1
5 3 2
5 3 3
5 3 4
5 3 5
5 4 1
5 4 2
5 4 3
5 4 4
5 4 5
5 5 1
5 5 2
5 5 3
5 5 4
5 5 5
7 1 1
7 1 7
7 1 8
7 1 9
7 1 10
7 7 1
7 7 7
7 7 8
7 7 9
7 7 10
7 8 1
7 8 7
7 8 8
7 8 9
7 8 10
7 9 1
7 9 7
7 9 8
7 9 9
7 9 10
7 10 1
7 10 7
7 10 8
7 10 9
7 10 10
8 1 1
8 1 7
8 1 8
8 1 9
8 1 10
8 7 1
8 7 7
8 7 8
8 7 9
8 7 10
8 8 1
8 8 7
8 8 8
8 8 9
8 8 10
8 9 1
8 9 7
8 9 8
8 9 9
8 9 10
8 10 1
8 10 7
8 10 8
8 10 9
8 10 10
9 1 1
9 1 7
9 1 8
9 1 9
9 1 10
9 7 1
9 7 7
9 7 8
9 7 9
9 7 10
9 8 1
9 8 7
9 8 8
9 8 9
9 8 10
9 9 1
9 9 7
9 9 8
9 9 9
9 9 10
9 10 1
9 10 7
9 10 8
9 10 9
9 10 10
10 1 1
10 1 7
10 1 8
10 1 9
10 1 10
10 7 1
10 7 7
10 7 8
10 7 9
10 7 10
10 8 1
10 8 7
10 8 8
10 8 9
10 8 10
10 9 1
10 9 7
10 9 8
10 9 9
10 9 10
10 10 1
10 10 7
10 10 8
10 10 9
10 10 10
249
